1495201177517	geckodriver	INFO	Listening on 127.0.0.1:33032
1495201178383	mozprofile::profile	INFO	Using profile path /tmp/rust_mozprofile.UEfMJzq8Hftw
1495201178385	geckodriver::marionette	INFO	Starting browser /usr/bin/firefox
1495201178401	geckodriver::marionette	INFO	Connecting to Marionette on localhost:44609

(firefox:2590): GLib-GObject-CRITICAL **: g_object_ref: assertion 'object->ref_count > 0' failed

(firefox:2590): GLib-GObject-CRITICAL **: g_object_unref: assertion 'object->ref_count > 0' failed

(firefox:2590): GLib-GObject-CRITICAL **: g_object_ref: assertion 'object->ref_count > 0' failed

(firefox:2590): GLib-GObject-CRITICAL **: g_object_unref: assertion 'object->ref_count > 0' failed
1495201202407	Marionette	INFO	Listening on port 44609
1495201204795	Marionette	WARN	TLS certificate errors will be ignored for this session

(/usr/lib/firefox/firefox:2661): GLib-GObject-CRITICAL **: g_object_ref: assertion 'object->ref_count > 0' failed

(/usr/lib/firefox/firefox:2661): GLib-GObject-CRITICAL **: g_object_unref: assertion 'object->ref_count > 0' failed

(/usr/lib/firefox/firefox:2661): GLib-GObject-CRITICAL **: g_object_ref: assertion 'object->ref_count > 0' failed

(/usr/lib/firefox/firefox:2661): GLib-GObject-CRITICAL **: g_object_unref: assertion 'object->ref_count > 0' failed
1495201493600	geckodriver	INFO	Listening on 127.0.0.1:60594
1495201494532	mozprofile::profile	INFO	Using profile path /tmp/rust_mozprofile.T6bWsKj1pJoN
1495201494534	geckodriver::marionette	INFO	Starting browser /usr/bin/firefox
1495201494553	geckodriver::marionette	INFO	Connecting to Marionette on localhost:45775

(firefox:2799): GLib-GObject-CRITICAL **: g_object_ref: assertion 'object->ref_count > 0' failed

(firefox:2799): GLib-GObject-CRITICAL **: g_object_unref: assertion 'object->ref_count > 0' failed

(firefox:2799): GLib-GObject-CRITICAL **: g_object_ref: assertion 'object->ref_count > 0' failed

(firefox:2799): GLib-GObject-CRITICAL **: g_object_unref: assertion 'object->ref_count > 0' failed
1495201513158	Marionette	INFO	Listening on port 45775
1495201513614	Marionette	WARN	TLS certificate errors will be ignored for this session

(/usr/lib/firefox/firefox:2914): GLib-GObject-CRITICAL **: g_object_ref: assertion 'object->ref_count > 0' failed

(/usr/lib/firefox/firefox:2914): GLib-GObject-CRITICAL **: g_object_unref: assertion 'object->ref_count > 0' failed

(/usr/lib/firefox/firefox:2914): GLib-GObject-CRITICAL **: g_object_ref: assertion 'object->ref_count > 0' failed

(/usr/lib/firefox/firefox:2914): GLib-GObject-CRITICAL **: g_object_unref: assertion 'object->ref_count > 0' failed

(firefox:2799): GLib-GObject-CRITICAL **: g_object_ref: assertion 'object->ref_count > 0' failed

(firefox:2799): GLib-GObject-CRITICAL **: g_object_unref: assertion 'object->ref_count > 0' failed

(firefox:2799): GLib-GObject-CRITICAL **: g_object_ref: assertion 'object->ref_count > 0' failed

(firefox:2799): GLib-GObject-CRITICAL **: g_object_unref: assertion 'object->ref_count > 0' failed

(firefox:2799): GLib-GObject-CRITICAL **: g_object_ref: assertion 'object->ref_count > 0' failed

(firefox:2799): GLib-GObject-CRITICAL **: g_object_unref: assertion 'object->ref_count > 0' failed

(firefox:2799): GLib-GObject-CRITICAL **: g_object_ref: assertion 'object->ref_count > 0' failed

(firefox:2799): GLib-GObject-CRITICAL **: g_object_unref: assertion 'object->ref_count > 0' failed

(firefox:2799): GLib-GObject-CRITICAL **: g_object_ref: assertion 'object->ref_count > 0' failed

(firefox:2799): GLib-GObject-CRITICAL **: g_object_unref: assertion 'object->ref_count > 0' failed

(firefox:2590): GLib-GObject-CRITICAL **: g_object_ref: assertion 'object->ref_count > 0' failed

(firefox:2590): GLib-GObject-CRITICAL **: g_object_unref: assertion 'object->ref_count > 0' failed

(firefox:2590): GLib-GObject-CRITICAL **: g_object_ref: assertion 'object->ref_count > 0' failed

(firefox:2590): GLib-GObject-CRITICAL **: g_object_unref: assertion 'object->ref_count > 0' failed

(firefox:2590): GLib-GObject-CRITICAL **: g_object_ref: assertion 'object->ref_count > 0' failed

(firefox:2590): GLib-GObject-CRITICAL **: g_object_unref: assertion 'object->ref_count > 0' failed

(firefox:2590): GLib-GObject-CRITICAL **: g_object_ref: assertion 'object->ref_count > 0' failed

(firefox:2590): GLib-GObject-CRITICAL **: g_object_unref: assertion 'object->ref_count > 0' failed

(firefox:2590): GLib-GObject-CRITICAL **: g_object_ref: assertion 'object->ref_count > 0' failed

(firefox:2590): GLib-GObject-CRITICAL **: g_object_unref: assertion 'object->ref_count > 0' failed
1495201640639	geckodriver	INFO	Listening on 127.0.0.1:50703
1495201641614	mozprofile::profile	INFO	Using profile path /tmp/rust_mozprofile.g017T9ENFWh4
1495201641617	geckodriver::marionette	INFO	Starting browser /usr/bin/firefox
1495201641636	geckodriver::marionette	INFO	Connecting to Marionette on localhost:42131

(firefox:3001): GLib-GObject-CRITICAL **: g_object_ref: assertion 'object->ref_count > 0' failed

(firefox:3001): GLib-GObject-CRITICAL **: g_object_unref: assertion 'object->ref_count > 0' failed

(firefox:3001): GLib-GObject-CRITICAL **: g_object_ref: assertion 'object->ref_count > 0' failed

(firefox:3001): GLib-GObject-CRITICAL **: g_object_unref: assertion 'object->ref_count > 0' failed
1495201655528	Marionette	INFO	Listening on port 42131
1495201655651	Marionette	WARN	TLS certificate errors will be ignored for this session

(/usr/lib/firefox/firefox:3063): GLib-GObject-CRITICAL **: g_object_ref: assertion 'object->ref_count > 0' failed

(/usr/lib/firefox/firefox:3063): GLib-GObject-CRITICAL **: g_object_unref: assertion 'object->ref_count > 0' failed

(/usr/lib/firefox/firefox:3063): GLib-GObject-CRITICAL **: g_object_ref: assertion 'object->ref_count > 0' failed

(/usr/lib/firefox/firefox:3063): GLib-GObject-CRITICAL **: g_object_unref: assertion 'object->ref_count > 0' failed
1495201934523	geckodriver	INFO	Listening on 127.0.0.1:49104
1495201935517	mozprofile::profile	INFO	Using profile path /tmp/rust_mozprofile.UYrmLxxRZczN
1495201935519	geckodriver::marionette	INFO	Starting browser /usr/bin/firefox
1495201935527	geckodriver::marionette	INFO	Connecting to Marionette on localhost:50315

(firefox:3199): GLib-GObject-CRITICAL **: g_object_ref: assertion 'object->ref_count > 0' failed

(firefox:3199): GLib-GObject-CRITICAL **: g_object_unref: assertion 'object->ref_count > 0' failed

(firefox:3199): GLib-GObject-CRITICAL **: g_object_ref: assertion 'object->ref_count > 0' failed

(firefox:3199): GLib-GObject-CRITICAL **: g_object_unref: assertion 'object->ref_count > 0' failed
1495201943827	Marionette	INFO	Listening on port 50315
1495201944372	Marionette	WARN	TLS certificate errors will be ignored for this session

(/usr/lib/firefox/firefox:3258): GLib-GObject-CRITICAL **: g_object_ref: assertion 'object->ref_count > 0' failed

(/usr/lib/firefox/firefox:3258): GLib-GObject-CRITICAL **: g_object_unref: assertion 'object->ref_count > 0' failed

(/usr/lib/firefox/firefox:3258): GLib-GObject-CRITICAL **: g_object_ref: assertion 'object->ref_count > 0' failed

(/usr/lib/firefox/firefox:3258): GLib-GObject-CRITICAL **: g_object_unref: assertion 'object->ref_count > 0' failed
IPDL protocol error: Handler returned error code!

###!!! [Parent][DispatchAsyncMessage] Error: PLayerTransaction::Msg_ReleaseLayer Processing error: message was deserialized, but the handler returned false (indicating failure)


(firefox:3199): GLib-GObject-CRITICAL **: g_object_ref: assertion 'object->ref_count > 0' failed

(firefox:3199): GLib-GObject-CRITICAL **: g_object_unref: assertion 'object->ref_count > 0' failed

(firefox:3199): GLib-GObject-CRITICAL **: g_object_ref: assertion 'object->ref_count > 0' failed

(firefox:3199): GLib-GObject-CRITICAL **: g_object_unref: assertion 'object->ref_count > 0' failed

(firefox:3199): GLib-GObject-CRITICAL **: g_object_ref: assertion 'object->ref_count > 0' failed

(firefox:3199): GLib-GObject-CRITICAL **: g_object_unref: assertion 'object->ref_count > 0' failed

(firefox:3199): GLib-GObject-CRITICAL **: g_object_ref: assertion 'object->ref_count > 0' failed

(firefox:3199): GLib-GObject-CRITICAL **: g_object_unref: assertion 'object->ref_count > 0' failed

(firefox:3199): GLib-GObject-CRITICAL **: g_object_ref: assertion 'object->ref_count > 0' failed

(firefox:3199): GLib-GObject-CRITICAL **: g_object_unref: assertion 'object->ref_count > 0' failed

###!!! [Child][MessageChannel] Error: (msgtype=0x4400A8,name=PContent::Msg_ConsoleMessage) Channel closing: too late to send/recv, messages will be lost


(firefox:3001): GLib-GObject-CRITICAL **: g_object_ref: assertion 'object->ref_count > 0' failed

(firefox:3001): GLib-GObject-CRITICAL **: g_object_unref: assertion 'object->ref_count > 0' failed

(firefox:3001): GLib-GObject-CRITICAL **: g_object_ref: assertion 'object->ref_count > 0' failed

(firefox:3001): GLib-GObject-CRITICAL **: g_object_unref: assertion 'object->ref_count > 0' failed

(firefox:3001): GLib-GObject-CRITICAL **: g_object_ref: assertion 'object->ref_count > 0' failed

(firefox:3001): GLib-GObject-CRITICAL **: g_object_unref: assertion 'object->ref_count > 0' failed

(firefox:3001): GLib-GObject-CRITICAL **: g_object_ref: assertion 'object->ref_count > 0' failed

(firefox:3001): GLib-GObject-CRITICAL **: g_object_unref: assertion 'object->ref_count > 0' failed

(firefox:3001): GLib-GObject-CRITICAL **: g_object_ref: assertion 'object->ref_count > 0' failed

(firefox:3001): GLib-GObject-CRITICAL **: g_object_unref: assertion 'object->ref_count > 0' failed
1495202192398	geckodriver	INFO	Listening on 127.0.0.1:57825
1495202193367	mozprofile::profile	INFO	Using profile path /tmp/rust_mozprofile.yZ9GVg69BUXp
1495202193369	geckodriver::marionette	INFO	Starting browser /usr/bin/firefox
1495202193500	geckodriver::marionette	INFO	Connecting to Marionette on localhost:50965

(firefox:3442): GLib-GObject-CRITICAL **: g_object_ref: assertion 'object->ref_count > 0' failed

(firefox:3442): GLib-GObject-CRITICAL **: g_object_unref: assertion 'object->ref_count > 0' failed

(firefox:3442): GLib-GObject-CRITICAL **: g_object_ref: assertion 'object->ref_count > 0' failed

(firefox:3442): GLib-GObject-CRITICAL **: g_object_unref: assertion 'object->ref_count > 0' failed
1495202204267	Marionette	INFO	Listening on port 50965
1495202204367	Marionette	WARN	TLS certificate errors will be ignored for this session

(/usr/lib/firefox/firefox:3495): GLib-GObject-CRITICAL **: g_object_ref: assertion 'object->ref_count > 0' failed

(/usr/lib/firefox/firefox:3495): GLib-GObject-CRITICAL **: g_object_unref: assertion 'object->ref_count > 0' failed

(/usr/lib/firefox/firefox:3495): GLib-GObject-CRITICAL **: g_object_ref: assertion 'object->ref_count > 0' failed

(/usr/lib/firefox/firefox:3495): GLib-GObject-CRITICAL **: g_object_unref: assertion 'object->ref_count > 0' failed
IPDL protocol error: Handler returned error code!

###!!! [Parent][DispatchAsyncMessage] Error: PLayerTransaction::Msg_ReleaseLayer Processing error: message was deserialized, but the handler returned false (indicating failure)


(firefox:3442): GLib-GObject-CRITICAL **: g_object_ref: assertion 'object->ref_count > 0' failed

(firefox:3442): GLib-GObject-CRITICAL **: g_object_unref: assertion 'object->ref_count > 0' failed

(firefox:3442): GLib-GObject-CRITICAL **: g_object_ref: assertion 'object->ref_count > 0' failed

(firefox:3442): GLib-GObject-CRITICAL **: g_object_unref: assertion 'object->ref_count > 0' failed

(firefox:3442): GLib-GObject-CRITICAL **: g_object_ref: assertion 'object->ref_count > 0' failed

(firefox:3442): GLib-GObject-CRITICAL **: g_object_unref: assertion 'object->ref_count > 0' failed

(firefox:3442): GLib-GObject-CRITICAL **: g_object_ref: assertion 'object->ref_count > 0' failed

(firefox:3442): GLib-GObject-CRITICAL **: g_object_unref: assertion 'object->ref_count > 0' failed

(firefox:3442): GLib-GObject-CRITICAL **: g_object_ref: assertion 'object->ref_count > 0' failed

(firefox:3442): GLib-GObject-CRITICAL **: g_object_unref: assertion 'object->ref_count > 0' failed
1495202668929	geckodriver	INFO	Listening on 127.0.0.1:37775
1495202669927	mozprofile::profile	INFO	Using profile path /tmp/rust_mozprofile.RkVuA6qZWhz1
1495202669931	geckodriver::marionette	INFO	Starting browser /usr/bin/firefox
1495202669934	geckodriver::marionette	INFO	Connecting to Marionette on localhost:51895

(firefox:3790): GLib-GObject-CRITICAL **: g_object_ref: assertion 'object->ref_count > 0' failed

(firefox:3790): GLib-GObject-CRITICAL **: g_object_unref: assertion 'object->ref_count > 0' failed

(firefox:3790): GLib-GObject-CRITICAL **: g_object_ref: assertion 'object->ref_count > 0' failed

(firefox:3790): GLib-GObject-CRITICAL **: g_object_unref: assertion 'object->ref_count > 0' failed
1495202685816	Marionette	INFO	Listening on port 51895
1495202686377	Marionette	WARN	TLS certificate errors will be ignored for this session

(/usr/lib/firefox/firefox:3845): GLib-GObject-CRITICAL **: g_object_ref: assertion 'object->ref_count > 0' failed

(/usr/lib/firefox/firefox:3845): GLib-GObject-CRITICAL **: g_object_unref: assertion 'object->ref_count > 0' failed

(/usr/lib/firefox/firefox:3845): GLib-GObject-CRITICAL **: g_object_ref: assertion 'object->ref_count > 0' failed

(/usr/lib/firefox/firefox:3845): GLib-GObject-CRITICAL **: g_object_unref: assertion 'object->ref_count > 0' failed

(firefox:3790): GLib-GObject-CRITICAL **: g_object_ref: assertion 'object->ref_count > 0' failed

(firefox:3790): GLib-GObject-CRITICAL **: g_object_unref: assertion 'object->ref_count > 0' failed

(firefox:3790): GLib-GObject-CRITICAL **: g_object_ref: assertion 'object->ref_count > 0' failed

(firefox:3790): GLib-GObject-CRITICAL **: g_object_unref: assertion 'object->ref_count > 0' failed

(firefox:3790): GLib-GObject-CRITICAL **: g_object_ref: assertion 'object->ref_count > 0' failed

(firefox:3790): GLib-GObject-CRITICAL **: g_object_unref: assertion 'object->ref_count > 0' failed

(firefox:3790): GLib-GObject-CRITICAL **: g_object_ref: assertion 'object->ref_count > 0' failed

(firefox:3790): GLib-GObject-CRITICAL **: g_object_unref: assertion 'object->ref_count > 0' failed

(firefox:3790): GLib-GObject-CRITICAL **: g_object_ref: assertion 'object->ref_count > 0' failed

(firefox:3790): GLib-GObject-CRITICAL **: g_object_unref: assertion 'object->ref_count > 0' failed
1495203014529	geckodriver	INFO	Listening on 127.0.0.1:35794
1495203014567	mozprofile::profile	INFO	Using profile path /tmp/rust_mozprofile.AMxi0L4Ha9uv
1495203014569	geckodriver::marionette	INFO	Starting browser /usr/bin/firefox
1495203014586	geckodriver::marionette	INFO	Connecting to Marionette on localhost:48163

(firefox:3963): GLib-GObject-CRITICAL **: g_object_ref: assertion 'object->ref_count > 0' failed

(firefox:3963): GLib-GObject-CRITICAL **: g_object_unref: assertion 'object->ref_count > 0' failed

(firefox:3963): GLib-GObject-CRITICAL **: g_object_ref: assertion 'object->ref_count > 0' failed

(firefox:3963): GLib-GObject-CRITICAL **: g_object_unref: assertion 'object->ref_count > 0' failed
1495203024477	Marionette	INFO	Listening on port 48163
1495203024642	Marionette	WARN	TLS certificate errors will be ignored for this session

(/usr/lib/firefox/firefox:4025): GLib-GObject-CRITICAL **: g_object_ref: assertion 'object->ref_count > 0' failed

(/usr/lib/firefox/firefox:4025): GLib-GObject-CRITICAL **: g_object_unref: assertion 'object->ref_count > 0' failed

(/usr/lib/firefox/firefox:4025): GLib-GObject-CRITICAL **: g_object_ref: assertion 'object->ref_count > 0' failed

(/usr/lib/firefox/firefox:4025): GLib-GObject-CRITICAL **: g_object_unref: assertion 'object->ref_count > 0' failed
*************************
A coding exception was thrown and uncaught in a Task.

Full message: TypeError: NetworkError when attempting to fetch resource.
Full stack: 
*************************

** (firefox:3963): WARNING **: No marshaller for signature of signal 'PropertiesChanged'
IPDL protocol error: Handler returned error code!

###!!! [Parent][DispatchAsyncMessage] Error: PLayerTransaction::Msg_ReleaseLayer Processing error: message was deserialized, but the handler returned false (indicating failure)


(firefox:3963): GLib-GObject-CRITICAL **: g_object_ref: assertion 'object->ref_count > 0' failed

(firefox:3963): GLib-GObject-CRITICAL **: g_object_unref: assertion 'object->ref_count > 0' failed

(firefox:3963): GLib-GObject-CRITICAL **: g_object_ref: assertion 'object->ref_count > 0' failed

(firefox:3963): GLib-GObject-CRITICAL **: g_object_unref: assertion 'object->ref_count > 0' failed

(firefox:3963): GLib-GObject-CRITICAL **: g_object_ref: assertion 'object->ref_count > 0' failed

(firefox:3963): GLib-GObject-CRITICAL **: g_object_unref: assertion 'object->ref_count > 0' failed

(firefox:3963): GLib-GObject-CRITICAL **: g_object_ref: assertion 'object->ref_count > 0' failed

(firefox:3963): GLib-GObject-CRITICAL **: g_object_unref: assertion 'object->ref_count > 0' failed

(firefox:3963): GLib-GObject-CRITICAL **: g_object_ref: assertion 'object->ref_count > 0' failed

(firefox:3963): GLib-GObject-CRITICAL **: g_object_unref: assertion 'object->ref_count > 0' failed
